2021-07-23 20:29:43,960:INFO:Initializing load_model()
2021-07-23 20:29:43,960:INFO:load_model(model_name=et_deployed, platform=aws, authentication={'bucket': 'mlopsassignment'}, verbose=True)
2021-07-23 20:31:09,484:INFO:Initializing load_model()
2021-07-23 20:31:09,484:INFO:load_model(model_name=et_deployed, platform=aws, authentication={'bucket': 'mlopsassignment'}, verbose=True)
2021-07-23 20:33:08,893:INFO:Initializing load_model()
2021-07-23 20:33:08,893:INFO:load_model(model_name=et_deployed, platform=aws, authentication={'bucket': 'mlopsassignment'}, verbose=True)
2021-07-23 20:33:20,348:INFO:Initializing load_model()
2021-07-23 20:33:20,348:INFO:load_model(model_name=et_deployed, platform=aws, authentication={'bucket': 'mlopsassignment'}, verbose=True)
2021-07-23 20:35:14,736:INFO:Initializing load_model()
2021-07-23 20:35:14,736:INFO:load_model(model_name=et_deployed, platform=None, authentication=None, verbose=False)
2021-07-23 20:35:14,817:INFO:Initializing load_model()
2021-07-23 20:35:14,817:INFO:load_model(model_name=rf_deployed, platform=aws, authentication={'bucket': 'mlopsassignment'}, verbose=True)
2021-07-23 20:36:30,426:INFO:Initializing load_model()
2021-07-23 20:36:30,426:INFO:load_model(model_name=rf_deployed, platform=None, authentication=None, verbose=False)
2021-07-23 20:40:58,197:INFO:Initializing load_model()
2021-07-23 20:40:58,197:INFO:load_model(model_name=et_deployed, platform=aws, authentication={'bucket': 'mlopsassignment'}, verbose=True)
2021-07-23 20:42:17,255:INFO:Initializing load_model()
2021-07-23 20:42:17,255:INFO:load_model(model_name=et_deployed, platform=None, authentication=None, verbose=False)
2021-07-23 20:42:17,339:INFO:Initializing load_model()
2021-07-23 20:42:17,340:INFO:load_model(model_name=rf_deployed, platform=aws, authentication={'bucket': 'mlopsassignment'}, verbose=True)
2021-07-23 20:56:25,766:INFO:Initializing load_model()
2021-07-23 20:56:25,767:INFO:load_model(model_name=et_deployed, platform=aws, authentication={'bucket': 'mlopsassignment'}, verbose=True)
2021-07-23 21:00:54,425:INFO:Initializing load_model()
2021-07-23 21:00:54,425:INFO:load_model(model_name=et_deployed, platform=None, authentication=None, verbose=False)
2021-07-23 21:00:54,502:INFO:Initializing load_model()
2021-07-23 21:00:54,502:INFO:load_model(model_name=rf_deployed, platform=aws, authentication={'bucket': 'mlopsassignment'}, verbose=True)
2021-07-23 21:04:11,842:INFO:Initializing load_model()
2021-07-23 21:04:11,842:INFO:load_model(model_name=rf_deployed, platform=None, authentication=None, verbose=False)
2021-07-23 21:10:11,323:INFO:Initializing predict_model()
2021-07-23 21:10:11,323:INFO:predict_model(estimator=Pipeline(steps=[('dtypes',
                 DataTypes_Auto_infer(features_todrop=['Time'],
                                      ml_usecase='classification',
                                      target='Class')),
                ('imputer',
                 Simple_Imputer(categorical_strategy='not_available',
                                fill_value_categorical=None,
                                fill_value_numerical=None,
                                numeric_strategy='mean',
                                target_variable=None)),
                ('new_levels1',
                 New_Catagorical_Levels_in_TestData(replacement_strateg...
                ('rem_outliers', 'passthrough'), ('cluster_all', 'passthrough'),
                ('dummy', Dummify(target='Class')),
                ('fix_perfect', Remove_100(target='Class')),
                ('clean_names', Clean_Colum_Names()),
                ('feature_select', 'passthrough'), ('fix_multi', 'passthrough'),
                ('dfs', 'passthrough'), ('pca', 'passthrough'),
                ['trained_model',
                 ExtraTreesClassifier(min_samples_split=4, n_estimators=110,
                                      n_jobs=-1, random_state=42)]]), probability_threshold=None, encoded_labels=False, raw_score=False, round=4, verbose=True, ml_usecase=MLUsecase.CLASSIFICATION, display=None)
2021-07-23 21:10:11,323:INFO:Checking exceptions
2021-07-23 21:10:11,323:INFO:Preloading libraries
2021-07-23 21:21:40,449:INFO:Initializing load_model()
2021-07-23 21:21:40,449:INFO:load_model(model_name=et_deployed, platform=aws, authentication={'bucket': 'mlopsassignment'}, verbose=True)
2021-07-23 21:23:33,979:INFO:Initializing load_model()
2021-07-23 21:23:33,980:INFO:load_model(model_name=et_deployed, platform=None, authentication=None, verbose=False)
2021-07-23 21:23:34,057:INFO:Initializing load_model()
2021-07-23 21:23:34,057:INFO:load_model(model_name=rf_deployed, platform=aws, authentication={'bucket': 'mlopsassignment'}, verbose=True)
2021-07-23 21:25:18,670:INFO:Initializing load_model()
2021-07-23 21:25:18,670:INFO:load_model(model_name=rf_deployed, platform=None, authentication=None, verbose=False)
2021-07-23 21:28:23,340:INFO:Initializing predict_model()
2021-07-23 21:28:23,340:INFO:predict_model(estimator=Pipeline(steps=[('dtypes',
                 DataTypes_Auto_infer(features_todrop=['Time'],
                                      ml_usecase='classification',
                                      target='Class')),
                ('imputer',
                 Simple_Imputer(categorical_strategy='not_available',
                                fill_value_categorical=None,
                                fill_value_numerical=None,
                                numeric_strategy='mean',
                                target_variable=None)),
                ('new_levels1',
                 New_Catagorical_Levels_in_TestData(replacement_strateg...
                ('rem_outliers', 'passthrough'), ('cluster_all', 'passthrough'),
                ('dummy', Dummify(target='Class')),
                ('fix_perfect', Remove_100(target='Class')),
                ('clean_names', Clean_Colum_Names()),
                ('feature_select', 'passthrough'), ('fix_multi', 'passthrough'),
                ('dfs', 'passthrough'), ('pca', 'passthrough'),
                ['trained_model',
                 ExtraTreesClassifier(min_samples_split=4, n_estimators=110,
                                      n_jobs=-1, random_state=42)]]), probability_threshold=None, encoded_labels=False, raw_score=False, round=4, verbose=True, ml_usecase=MLUsecase.CLASSIFICATION, display=None)
2021-07-23 21:28:23,340:INFO:Checking exceptions
2021-07-23 21:28:23,340:INFO:Preloading libraries
